<?xml version="1.0" encoding="UTF-8"?>
<testng-results skipped="0" failed="0" total="1" passed="1">
  <reporter-output>
  </reporter-output>
  <suite name="Default suite" duration-ms="217197" started-at="2018-06-12T10:03:31Z" finished-at="2018-06-12T10:07:08Z">
    <groups>
    </groups>
    <test name="Default test" duration-ms="217197" started-at="2018-06-12T10:03:31Z" finished-at="2018-06-12T10:07:08Z">
      <class name="com.test.amazonautomation.testactions.HomePageTest">
        <test-method status="PASS" signature="setUp()[pri:0, instance:com.test.amazonautomation.testactions.HomePageTest@6f96c77]" name="setUp" is-config="true" duration-ms="12418" started-at="2018-06-12T15:33:31Z" finished-at="2018-06-12T15:33:43Z">
          <reporter-output>
          </reporter-output>
        </test-method> <!-- setUp -->
        <test-method status="PASS" signature="verifyLoginFunctionality(java.lang.String, java.lang.String, java.lang.String)[pri:0, instance:com.test.amazonautomation.testactions.HomePageTest@6f96c77]" name="verifyLoginFunctionality" duration-ms="54939" started-at="2018-06-12T15:36:11Z" data-provider="loginData" finished-at="2018-06-12T15:37:06Z">
          <params>
            <param index="0">
              <value>
                <![CDATA[pratikshaa02@gmail.com]]>
              </value>
            </param>
            <param index="1">
              <value>
                <![CDATA[Amoljagdale19]]>
              </value>
            </param>
            <param index="2">
              <value>
                <![CDATA[y]]>
              </value>
            </param>
          </params>
          <reporter-output>
          </reporter-output>
        </test-method> <!-- verifyLoginFunctionality -->
        <test-method status="PASS" signature="endTest()[pri:0, instance:com.test.amazonautomation.testactions.HomePageTest@6f96c77]" name="endTest" is-config="true" duration-ms="1960" started-at="2018-06-12T15:37:06Z" finished-at="2018-06-12T15:37:08Z">
          <reporter-output>
          </reporter-output>
        </test-method> <!-- endTest -->
      </class> <!-- com.test.amazonautomation.testactions.HomePageTest -->
    </test> <!-- Default test -->
  </suite> <!-- Default suite -->
</testng-results>
