<?xml version="1.0" encoding="UTF-8"?>
<testng-results skipped="0" failed="0" total="1" passed="1">
  <reporter-output>
  </reporter-output>
  <suite name="Default suite" duration-ms="29595" started-at="2018-06-01T09:17:09Z" finished-at="2018-06-01T09:17:39Z">
    <groups>
    </groups>
    <test name="Default test" duration-ms="29595" started-at="2018-06-01T09:17:09Z" finished-at="2018-06-01T09:17:39Z">
      <class name="com.test.automation.AmazonAutomation.homePage.TC001_VerifyNavigationToLoginPage">
        <test-method status="PASS" signature="setUp()[pri:0, instance:com.test.automation.AmazonAutomation.homePage.TC001_VerifyNavigationToLoginPage@5b275dab]" name="setUp" is-config="true" duration-ms="9332" started-at="2018-06-01T14:47:09Z" finished-at="2018-06-01T14:47:19Z">
          <reporter-output>
          </reporter-output>
        </test-method> <!-- setUp -->
        <test-method status="PASS" signature="verifyNavigationToLoginPage()[pri:0, instance:com.test.automation.AmazonAutomation.homePage.TC001_VerifyNavigationToLoginPage@5b275dab]" name="verifyNavigationToLoginPage" duration-ms="18537" started-at="2018-06-01T14:47:19Z" finished-at="2018-06-01T14:47:37Z">
          <reporter-output>
          </reporter-output>
        </test-method> <!-- verifyNavigationToLoginPage -->
        <test-method status="PASS" signature="endTest()[pri:0, instance:com.test.automation.AmazonAutomation.homePage.TC001_VerifyNavigationToLoginPage@5b275dab]" name="endTest" is-config="true" duration-ms="1707" started-at="2018-06-01T14:47:37Z" finished-at="2018-06-01T14:47:39Z">
          <reporter-output>
          </reporter-output>
        </test-method> <!-- endTest -->
      </class> <!-- com.test.automation.AmazonAutomation.homePage.TC001_VerifyNavigationToLoginPage -->
    </test> <!-- Default test -->
  </suite> <!-- Default suite -->
</testng-results>
